<?xml version="1.0" encoding="UTF-8"?>
<!-- Generated by org.testng.reporters.JUnitReportReporter -->
<testsuite hostname="DESKTOP-OTPSMSU" failures="0" tests="3" name="test_cases.LoginPageTest" time="21.793" errors="0" timestamp="2023-12-14T21:09:56 IST" skipped="0">
  <testcase classname="test_cases.LoginPageTest" name="verifyTitleOfApplicationTest" time="10.509"/>
  <system-out/>
  <testcase classname="test_cases.LoginPageTest" name="verifyURLOfApplicationTest" time="5.873"/>
  <system-out/>
  <testcase classname="test_cases.LoginPageTest" name="LoginToApplicationTest" time="5.411"/>
  <system-out/>
</testsuite> <!-- test_cases.LoginPageTest -->
