<?xml version="1.0" encoding="UTF-8"?>
<!-- Generated by org.testng.reporters.JUnitReportReporter -->
<testsuite hostname="DESKTOP-OTPSMSU" failures="0" tests="8" name="test_cases.Check_out_Page_2_Test" time="46.986" errors="0" timestamp="2023-12-08T00:05:22 IST" skipped="0">
  <testcase classname="test_cases.Check_out_Page_2_Test" name="verifyQuantityLebelTest" time="5.473"/>
  <system-out>
    <![CDATA[Verify Quantity Lebel = QTY]]>
  </system-out>
  <testcase classname="test_cases.Check_out_Page_2_Test" name="verifytotalRsTest" time="7.132"/>
  <system-out>
    <![CDATA[Verify Total Price = Price Total]]>
  </system-out>
  <testcase classname="test_cases.Check_out_Page_2_Test" name="verifyshippingInfoTest" time="5.705"/>
  <system-out>
    <![CDATA[Verify Shipping Information = Shipping Information]]>
  </system-out>
  <testcase classname="test_cases.Check_out_Page_2_Test" name="verifydescriptionLebelTest" time="5.660"/>
  <system-out>
    <![CDATA[Verify Description Lebel = Description]]>
  </system-out>
  <testcase classname="test_cases.Check_out_Page_2_Test" name="verifyclickonfinishBtnTest" time="5.560"/>
  <system-out>
    <![CDATA[Verify Click On Finish Button = https://www.saucedemo.com/checkout-complete.html]]>
  </system-out>
  <testcase classname="test_cases.Check_out_Page_2_Test" name="verifypaymentInfoTest" time="5.316"/>
  <system-out>
    <![CDATA[Verify Payment Information = Payment Information]]>
  </system-out>
  <testcase classname="test_cases.Check_out_Page_2_Test" name="verifyclickoncancelBtnTest" time="6.654"/>
  <system-out>
    <![CDATA[Verify Click On Cancel Button = https://www.saucedemo.com/inventory.html]]>
  </system-out>
  <testcase classname="test_cases.Check_out_Page_2_Test" name="verifycheckoutLebelTest" time="5.486"/>
  <system-out>
    <![CDATA[Verify Checkout Text = Checkout: Overview]]>
  </system-out>
</testsuite> <!-- test_cases.Check_out_Page_2_Test -->
