<?xml version="1.0" encoding="UTF-8"?>
<!-- Generated by org.testng.reporters.JUnitReportReporter -->
<testsuite hostname="DESKTOP-OTPSMSU" failures="0" tests="1" name="test_cases.Inventory_Page_2_Test" time="4.790" errors="0" timestamp="2023-12-13T23:41:14 IST" skipped="0">
  <testcase classname="test_cases.Inventory_Page_2_Test" name="verifyappTitleTest" time="4.790"/>
  <system-out>
    <![CDATA[Title Of Inventory Page = Swag Labs]]>
  </system-out>
</testsuite> <!-- test_cases.Inventory_Page_2_Test -->
