<?xml version="1.0" encoding="UTF-8"?>
<!-- Generated by org.testng.reporters.JUnitReportReporter -->
<testsuite hostname="DESKTOP-OTPSMSU" failures="0" tests="5" name="test_cases.Checkout_Page_Finish_Test" time="28.140" errors="0" timestamp="2023-12-08T00:00:26 IST" skipped="0">
  <testcase classname="test_cases.Checkout_Page_Finish_Test" name="verifyimgThickMarkTest" time="6.630"/>
  <system-out>
    <![CDATA[Verify Thick Mark Img = true]]>
  </system-out>
  <testcase classname="test_cases.Checkout_Page_Finish_Test" name="clickonbackhomeBtnTest" time="5.419"/>
  <system-out>
    <![CDATA[Click On Backhome Button = https://www.saucedemo.com/inventory.html]]>
  </system-out>
  <testcase classname="test_cases.Checkout_Page_Finish_Test" name="verifychqoutCompleteTest" time="5.400"/>
  <system-out>
    <![CDATA[Verify Text Checkout Complete = Checkout: Complete!]]>
  </system-out>
  <testcase classname="test_cases.Checkout_Page_Finish_Test" name="verifyyourorderTextTest" time="5.350"/>
  <system-out>
    <![CDATA[Verify your order Text = Your order has been dispatched, and will arrive just as fast as the pony can get there!]]>
  </system-out>
  <testcase classname="test_cases.Checkout_Page_Finish_Test" name="VerifythankyouTextTest" time="5.341"/>
  <system-out>
    <![CDATA[Verify Thankyou Text = Thank you for your order!]]>
  </system-out>
</testsuite> <!-- test_cases.Checkout_Page_Finish_Test -->
